<?xml version="1.0" encoding="UTF-8"?>
<!-- Generated by org.testng.reporters.JUnitXMLReporter -->
<testsuite hostname="netstorm-TECRA-C50-C" ignored="0" name="Default test" tests="1" failures="0" timestamp="09 Dec 2017 09:11:59 GMT" time="1.128" errors="0">
  <testcase name="@BeforeTest setUp" time="1.094" classname="Browser.FireFoxBrowser">
    <failure type="java.lang.ExceptionInInitializerError">
      <![CDATA[java.lang.ExceptionInInitializerError
	at net.lightbody.bmp.mitm.tools.DefaultSecurityProviderTool.<init>(DefaultSecurityProviderTool.java:34)
	at net.lightbody.bmp.mitm.util.TrustUtil.<clinit>(TrustUtil.java:56)
	at net.lightbody.bmp.mitm.TrustSource.javaTrustSource(TrustSource.java:103)
	at net.lightbody.bmp.mitm.TrustSource.<clinit>(TrustSource.java:39)
	at net.lightbody.bmp.BrowserMobProxyServer.<init>(BrowserMobProxyServer.java:225)
	at Browser.FireFoxBrowser.setUp(FireFoxBrowser.java:48)
	at sun.reflect.NativeMethodAccessorImpl.invoke0(Native Method)
	at sun.reflect.NativeMethodAccessorImpl.invoke(NativeMethodAccessorImpl.java:62)
	at sun.reflect.DelegatingMethodAccessorImpl.invoke(DelegatingMethodAccessorImpl.java:43)
	at java.lang.reflect.Method.invoke(Method.java:498)
	at org.testng.internal.MethodInvocationHelper.invokeMethod(MethodInvocationHelper.java:108)
	at org.testng.internal.Invoker.invokeConfigurationMethod(Invoker.java:523)
	at org.testng.internal.Invoker.invokeConfigurations(Invoker.java:224)
	at org.testng.internal.Invoker.invokeConfigurations(Invoker.java:146)
	at org.testng.TestRunner.beforeRun(TestRunner.java:658)
	at org.testng.TestRunner.run(TestRunner.java:626)
	at org.testng.SuiteRunner.runTest(SuiteRunner.java:425)
	at org.testng.SuiteRunner.runSequentially(SuiteRunner.java:420)
	at org.testng.SuiteRunner.privateRun(SuiteRunner.java:385)
	at org.testng.SuiteRunner.run(SuiteRunner.java:334)
	at org.testng.SuiteRunnerWorker.runSuite(SuiteRunnerWorker.java:52)
	at org.testng.SuiteRunnerWorker.run(SuiteRunnerWorker.java:86)
	at org.testng.TestNG.runSuitesSequentially(TestNG.java:1318)
	at org.testng.TestNG.runSuitesLocally(TestNG.java:1243)
	at org.testng.TestNG.runSuites(TestNG.java:1161)
	at org.testng.TestNG.run(TestNG.java:1129)
	at org.testng.remote.AbstractRemoteTestNG.run(AbstractRemoteTestNG.java:114)
	at org.testng.remote.RemoteTestNG.initAndRun(RemoteTestNG.java:251)
	at org.testng.remote.RemoteTestNG.main(RemoteTestNG.java:77)
Caused by: java.lang.SecurityException: class "org.bouncycastle.jcajce.provider.symmetric.IDEA$Mappings"'s signer information does not match signer information of other classes in the same package
	at java.lang.ClassLoader.checkCerts(ClassLoader.java:898)
	at java.lang.ClassLoader.preDefineClass(ClassLoader.java:668)
	at java.lang.ClassLoader.defineClass(ClassLoader.java:761)
	at java.security.SecureClassLoader.defineClass(SecureClassLoader.java:142)
	at java.net.URLClassLoader.defineClass(URLClassLoader.java:467)
	at java.net.URLClassLoader.access$100(URLClassLoader.java:73)
	at java.net.URLClassLoader$1.run(URLClassLoader.java:368)
	at java.net.URLClassLoader$1.run(URLClassLoader.java:362)
	at java.security.AccessController.doPrivileged(Native Method)
	at java.net.URLClassLoader.findClass(URLClassLoader.java:361)
	at java.lang.ClassLoader.loadClass(ClassLoader.java:424)
	at sun.misc.Launcher$AppClassLoader.loadClass(Launcher.java:331)
	at java.lang.ClassLoader.loadClass(ClassLoader.java:357)
	at org.bouncycastle.jce.provider.BouncyCastleProvider.loadAlgorithms(Unknown Source)
	at org.bouncycastle.jce.provider.BouncyCastleProvider.setup(Unknown Source)
	at org.bouncycastle.jce.provider.BouncyCastleProvider.access$000(Unknown Source)
	at org.bouncycastle.jce.provider.BouncyCastleProvider$1.run(Unknown Source)
	at java.security.AccessController.doPrivileged(Native Method)
	at org.bouncycastle.jce.provider.BouncyCastleProvider.<init>(Unknown Source)
	at net.lightbody.bmp.mitm.tools.BouncyCastleSecurityProviderTool.<clinit>(BouncyCastleSecurityProviderTool.java:63)
	... 29 more
]]>
    </failure>
  </testcase> <!-- @BeforeTest setUp -->
  <testcase name="@AfterTest exit" time="0.0" classname="Browser.FireFoxBrowser">
    <skipped/>
  </testcase> <!-- @AfterTest exit -->
  <testcase name="execute" time="0.001" classname="Browser.FireFoxBrowser">
    <skipped/>
  </testcase> <!-- execute -->
</testsuite> <!-- Default test -->
