<?xml version="1.0" encoding="UTF-8"?>
<testng-results skipped="1" failed="0" ignored="0" total="1" passed="0">
  <reporter-output>
  </reporter-output>
  <suite name="Default suite" duration-ms="1128" started-at="2017-12-09T09:11:58Z" finished-at="2017-12-09T09:11:59Z">
    <groups>
    </groups>
    <test name="Default test" duration-ms="1128" started-at="2017-12-09T09:11:58Z" finished-at="2017-12-09T09:11:59Z">
      <class name="Browser.FireFoxBrowser">
        <test-method status="FAIL" signature="setUp()[pri:0, instance:Browser.FireFoxBrowser@754ba872]" name="setUp" is-config="true" duration-ms="1094" started-at="2017-12-09T14:41:58Z" finished-at="2017-12-09T14:41:59Z">
          <exception class="java.lang.ExceptionInInitializerError">
            <full-stacktrace>
              <![CDATA[java.lang.ExceptionInInitializerError
	at net.lightbody.bmp.mitm.tools.DefaultSecurityProviderTool.<init>(DefaultSecurityProviderTool.java:34)
	at net.lightbody.bmp.mitm.util.TrustUtil.<clinit>(TrustUtil.java:56)
	at net.lightbody.bmp.mitm.TrustSource.javaTrustSource(TrustSource.java:103)
	at net.lightbody.bmp.mitm.TrustSource.<clinit>(TrustSource.java:39)
	at net.lightbody.bmp.BrowserMobProxyServer.<init>(BrowserMobProxyServer.java:225)
	at Browser.FireFoxBrowser.setUp(FireFoxBrowser.java:48)
	at sun.reflect.NativeMethodAccessorImpl.invoke0(Native Method)
	at sun.reflect.NativeMethodAccessorImpl.invoke(NativeMethodAccessorImpl.java:62)
	at sun.reflect.DelegatingMethodAccessorImpl.invoke(DelegatingMethodAccessorImpl.java:43)
	at java.lang.reflect.Method.invoke(Method.java:498)
	at org.testng.internal.MethodInvocationHelper.invokeMethod(MethodInvocationHelper.java:108)
	at org.testng.internal.Invoker.invokeConfigurationMethod(Invoker.java:523)
	at org.testng.internal.Invoker.invokeConfigurations(Invoker.java:224)
	at org.testng.internal.Invoker.invokeConfigurations(Invoker.java:146)
	at org.testng.TestRunner.beforeRun(TestRunner.java:658)
	at org.testng.TestRunner.run(TestRunner.java:626)
	at org.testng.SuiteRunner.runTest(SuiteRunner.java:425)
	at org.testng.SuiteRunner.runSequentially(SuiteRunner.java:420)
	at org.testng.SuiteRunner.privateRun(SuiteRunner.java:385)
	at org.testng.SuiteRunner.run(SuiteRunner.java:334)
	at org.testng.SuiteRunnerWorker.runSuite(SuiteRunnerWorker.java:52)
	at org.testng.SuiteRunnerWorker.run(SuiteRunnerWorker.java:86)
	at org.testng.TestNG.runSuitesSequentially(TestNG.java:1318)
	at org.testng.TestNG.runSuitesLocally(TestNG.java:1243)
	at org.testng.TestNG.runSuites(TestNG.java:1161)
	at org.testng.TestNG.run(TestNG.java:1129)
	at org.testng.remote.AbstractRemoteTestNG.run(AbstractRemoteTestNG.java:114)
	at org.testng.remote.RemoteTestNG.initAndRun(RemoteTestNG.java:251)
	at org.testng.remote.RemoteTestNG.main(RemoteTestNG.java:77)
Caused by: java.lang.SecurityException: class "org.bouncycastle.jcajce.provider.symmetric.IDEA$Mappings"'s signer information does not match signer information of other classes in the same package
	at java.lang.ClassLoader.checkCerts(ClassLoader.java:898)
	at java.lang.ClassLoader.preDefineClass(ClassLoader.java:668)
	at java.lang.ClassLoader.defineClass(ClassLoader.java:761)
	at java.security.SecureClassLoader.defineClass(SecureClassLoader.java:142)
	at java.net.URLClassLoader.defineClass(URLClassLoader.java:467)
	at java.net.URLClassLoader.access$100(URLClassLoader.java:73)
	at java.net.URLClassLoader$1.run(URLClassLoader.java:368)
	at java.net.URLClassLoader$1.run(URLClassLoader.java:362)
	at java.security.AccessController.doPrivileged(Native Method)
	at java.net.URLClassLoader.findClass(URLClassLoader.java:361)
	at java.lang.ClassLoader.loadClass(ClassLoader.java:424)
	at sun.misc.Launcher$AppClassLoader.loadClass(Launcher.java:331)
	at java.lang.ClassLoader.loadClass(ClassLoader.java:357)
	at org.bouncycastle.jce.provider.BouncyCastleProvider.loadAlgorithms(Unknown Source)
	at org.bouncycastle.jce.provider.BouncyCastleProvider.setup(Unknown Source)
	at org.bouncycastle.jce.provider.BouncyCastleProvider.access$000(Unknown Source)
	at org.bouncycastle.jce.provider.BouncyCastleProvider$1.run(Unknown Source)
	at java.security.AccessController.doPrivileged(Native Method)
	at org.bouncycastle.jce.provider.BouncyCastleProvider.<init>(Unknown Source)
	at net.lightbody.bmp.mitm.tools.BouncyCastleSecurityProviderTool.<clinit>(BouncyCastleSecurityProviderTool.java:63)
	... 29 more
]]>
            </full-stacktrace>
          </exception> <!-- java.lang.ExceptionInInitializerError -->
          <reporter-output>
          </reporter-output>
        </test-method> <!-- setUp -->
        <test-method status="SKIP" signature="execute()[pri:0, instance:Browser.FireFoxBrowser@754ba872]" name="execute" duration-ms="1" started-at="2017-12-09T14:41:59Z" finished-at="2017-12-09T14:41:59Z">
          <exception class="java.lang.ExceptionInInitializerError">
            <full-stacktrace>
              <![CDATA[java.lang.ExceptionInInitializerError
	at net.lightbody.bmp.mitm.tools.DefaultSecurityProviderTool.<init>(DefaultSecurityProviderTool.java:34)
	at net.lightbody.bmp.mitm.util.TrustUtil.<clinit>(TrustUtil.java:56)
	at net.lightbody.bmp.mitm.TrustSource.javaTrustSource(TrustSource.java:103)
	at net.lightbody.bmp.mitm.TrustSource.<clinit>(TrustSource.java:39)
	at net.lightbody.bmp.BrowserMobProxyServer.<init>(BrowserMobProxyServer.java:225)
	at Browser.FireFoxBrowser.setUp(FireFoxBrowser.java:48)
	at sun.reflect.NativeMethodAccessorImpl.invoke0(Native Method)
	at sun.reflect.NativeMethodAccessorImpl.invoke(NativeMethodAccessorImpl.java:62)
	at sun.reflect.DelegatingMethodAccessorImpl.invoke(DelegatingMethodAccessorImpl.java:43)
	at java.lang.reflect.Method.invoke(Method.java:498)
	at org.testng.internal.MethodInvocationHelper.invokeMethod(MethodInvocationHelper.java:108)
	at org.testng.internal.Invoker.invokeConfigurationMethod(Invoker.java:523)
	at org.testng.internal.Invoker.invokeConfigurations(Invoker.java:224)
	at org.testng.internal.Invoker.invokeConfigurations(Invoker.java:146)
	at org.testng.TestRunner.beforeRun(TestRunner.java:658)
	at org.testng.TestRunner.run(TestRunner.java:626)
	at org.testng.SuiteRunner.runTest(SuiteRunner.java:425)
	at org.testng.SuiteRunner.runSequentially(SuiteRunner.java:420)
	at org.testng.SuiteRunner.privateRun(SuiteRunner.java:385)
	at org.testng.SuiteRunner.run(SuiteRunner.java:334)
	at org.testng.SuiteRunnerWorker.runSuite(SuiteRunnerWorker.java:52)
	at org.testng.SuiteRunnerWorker.run(SuiteRunnerWorker.java:86)
	at org.testng.TestNG.runSuitesSequentially(TestNG.java:1318)
	at org.testng.TestNG.runSuitesLocally(TestNG.java:1243)
	at org.testng.TestNG.runSuites(TestNG.java:1161)
	at org.testng.TestNG.run(TestNG.java:1129)
	at org.testng.remote.AbstractRemoteTestNG.run(AbstractRemoteTestNG.java:114)
	at org.testng.remote.RemoteTestNG.initAndRun(RemoteTestNG.java:251)
	at org.testng.remote.RemoteTestNG.main(RemoteTestNG.java:77)
Caused by: java.lang.SecurityException: class "org.bouncycastle.jcajce.provider.symmetric.IDEA$Mappings"'s signer information does not match signer information of other classes in the same package
	at java.lang.ClassLoader.checkCerts(ClassLoader.java:898)
	at java.lang.ClassLoader.preDefineClass(ClassLoader.java:668)
	at java.lang.ClassLoader.defineClass(ClassLoader.java:761)
	at java.security.SecureClassLoader.defineClass(SecureClassLoader.java:142)
	at java.net.URLClassLoader.defineClass(URLClassLoader.java:467)
	at java.net.URLClassLoader.access$100(URLClassLoader.java:73)
	at java.net.URLClassLoader$1.run(URLClassLoader.java:368)
	at java.net.URLClassLoader$1.run(URLClassLoader.java:362)
	at java.security.AccessController.doPrivileged(Native Method)
	at java.net.URLClassLoader.findClass(URLClassLoader.java:361)
	at java.lang.ClassLoader.loadClass(ClassLoader.java:424)
	at sun.misc.Launcher$AppClassLoader.loadClass(Launcher.java:331)
	at java.lang.ClassLoader.loadClass(ClassLoader.java:357)
	at org.bouncycastle.jce.provider.BouncyCastleProvider.loadAlgorithms(Unknown Source)
	at org.bouncycastle.jce.provider.BouncyCastleProvider.setup(Unknown Source)
	at org.bouncycastle.jce.provider.BouncyCastleProvider.access$000(Unknown Source)
	at org.bouncycastle.jce.provider.BouncyCastleProvider$1.run(Unknown Source)
	at java.security.AccessController.doPrivileged(Native Method)
	at org.bouncycastle.jce.provider.BouncyCastleProvider.<init>(Unknown Source)
	at net.lightbody.bmp.mitm.tools.BouncyCastleSecurityProviderTool.<clinit>(BouncyCastleSecurityProviderTool.java:63)
	... 29 more
]]>
            </full-stacktrace>
          </exception> <!-- java.lang.ExceptionInInitializerError -->
          <reporter-output>
          </reporter-output>
        </test-method> <!-- execute -->
        <test-method status="SKIP" signature="exit()[pri:0, instance:Browser.FireFoxBrowser@754ba872]" name="exit" is-config="true" duration-ms="0" started-at="2017-12-09T14:41:59Z" finished-at="2017-12-09T14:41:59Z">
          <reporter-output>
          </reporter-output>
        </test-method> <!-- exit -->
      </class> <!-- Browser.FireFoxBrowser -->
    </test> <!-- Default test -->
  </suite> <!-- Default suite -->
</testng-results>
